{"C:\\Users\\Leonardo\\cs321-team-3\\demo\\src\\board.js": {"path":"C:\\Users\\Leonardo\\cs321-team-3\\demo\\src\\board.js","statementMap":{"0":{"start":{"line":4,"column":21},"end":{"line":165,"column":1}},"1":{"start":{"line":9,"column":4},"end":{"line":9,"column":28}},"2":{"start":{"line":10,"column":4},"end":{"line":10,"column":23}},"3":{"start":{"line":13,"column":4},"end":{"line":13,"column":22}},"4":{"start":{"line":16,"column":4},"end":{"line":16,"column":43}},"5":{"start":{"line":17,"column":25},"end":{"line":17,"column":35}},"6":{"start":{"line":18,"column":28},"end":{"line":18,"column":29}},"7":{"start":{"line":20,"column":4},"end":{"line":43,"column":5}},"8":{"start":{"line":20,"column":17},"end":{"line":20,"column":18}},"9":{"start":{"line":21,"column":6},"end":{"line":26,"column":7}},"10":{"start":{"line":23,"column":10},"end":{"line":25,"column":11}},"11":{"start":{"line":24,"column":12},"end":{"line":24,"column":48}},"12":{"start":{"line":27,"column":6},"end":{"line":34,"column":7}},"13":{"start":{"line":29,"column":10},"end":{"line":33,"column":11}},"14":{"start":{"line":30,"column":12},"end":{"line":30,"column":48}},"15":{"start":{"line":31,"column":17},"end":{"line":33,"column":11}},"16":{"start":{"line":32,"column":12},"end":{"line":32,"column":48}},"17":{"start":{"line":35,"column":6},"end":{"line":42,"column":7}},"18":{"start":{"line":37,"column":10},"end":{"line":41,"column":11}},"19":{"start":{"line":38,"column":12},"end":{"line":38,"column":48}},"20":{"start":{"line":39,"column":17},"end":{"line":41,"column":11}},"21":{"start":{"line":40,"column":12},"end":{"line":40,"column":48}},"22":{"start":{"line":44,"column":4},"end":{"line":84,"column":5}},"23":{"start":{"line":44,"column":17},"end":{"line":44,"column":18}},"24":{"start":{"line":45,"column":6},"end":{"line":83,"column":7}},"25":{"start":{"line":47,"column":10},"end":{"line":52,"column":11}},"26":{"start":{"line":48,"column":12},"end":{"line":51,"column":14}},"27":{"start":{"line":53,"column":10},"end":{"line":56,"column":12}},"28":{"start":{"line":57,"column":10},"end":{"line":62,"column":11}},"29":{"start":{"line":58,"column":12},"end":{"line":61,"column":14}},"30":{"start":{"line":63,"column":10},"end":{"line":63,"column":16}},"31":{"start":{"line":65,"column":10},"end":{"line":70,"column":11}},"32":{"start":{"line":66,"column":12},"end":{"line":69,"column":14}},"33":{"start":{"line":71,"column":10},"end":{"line":76,"column":11}},"34":{"start":{"line":72,"column":12},"end":{"line":75,"column":14}},"35":{"start":{"line":77,"column":10},"end":{"line":77,"column":16}},"36":{"start":{"line":79,"column":10},"end":{"line":82,"column":12}},"37":{"start":{"line":85,"column":4},"end":{"line":87,"column":5}},"38":{"start":{"line":86,"column":6},"end":{"line":86,"column":51}},"39":{"start":{"line":88,"column":4},"end":{"line":88,"column":37}},"40":{"start":{"line":89,"column":4},"end":{"line":89,"column":29}},"41":{"start":{"line":92,"column":4},"end":{"line":92,"column":47}},"42":{"start":{"line":93,"column":16},"end":{"line":93,"column":26}},"43":{"start":{"line":94,"column":4},"end":{"line":94,"column":53}},"44":{"start":{"line":95,"column":4},"end":{"line":95,"column":48}},"45":{"start":{"line":96,"column":4},"end":{"line":96,"column":49}},"46":{"start":{"line":97,"column":16},"end":{"line":97,"column":26}},"47":{"start":{"line":98,"column":4},"end":{"line":98,"column":56}},"48":{"start":{"line":99,"column":4},"end":{"line":99,"column":48}},"49":{"start":{"line":100,"column":4},"end":{"line":100,"column":49}},"50":{"start":{"line":101,"column":16},"end":{"line":101,"column":26}},"51":{"start":{"line":102,"column":4},"end":{"line":102,"column":51}},"52":{"start":{"line":103,"column":4},"end":{"line":103,"column":54}},"53":{"start":{"line":104,"column":16},"end":{"line":104,"column":26}},"54":{"start":{"line":105,"column":4},"end":{"line":105,"column":56}},"55":{"start":{"line":106,"column":25},"end":{"line":106,"column":27}},"56":{"start":{"line":107,"column":4},"end":{"line":107,"column":51}},"57":{"start":{"line":108,"column":4},"end":{"line":108,"column":23}},"58":{"start":{"line":109,"column":4},"end":{"line":109,"column":52}},"59":{"start":{"line":110,"column":4},"end":{"line":110,"column":52}},"60":{"start":{"line":111,"column":4},"end":{"line":111,"column":23}},"61":{"start":{"line":112,"column":4},"end":{"line":112,"column":52}},"62":{"start":{"line":113,"column":4},"end":{"line":113,"column":52}},"63":{"start":{"line":114,"column":4},"end":{"line":114,"column":23}},"64":{"start":{"line":115,"column":4},"end":{"line":115,"column":52}},"65":{"start":{"line":116,"column":4},"end":{"line":116,"column":52}},"66":{"start":{"line":117,"column":4},"end":{"line":117,"column":23}},"67":{"start":{"line":118,"column":4},"end":{"line":118,"column":52}},"68":{"start":{"line":119,"column":4},"end":{"line":119,"column":52}},"69":{"start":{"line":120,"column":4},"end":{"line":120,"column":51}},"70":{"start":{"line":121,"column":4},"end":{"line":121,"column":23}},"71":{"start":{"line":122,"column":4},"end":{"line":122,"column":54}},"72":{"start":{"line":123,"column":4},"end":{"line":123,"column":54}},"73":{"start":{"line":124,"column":4},"end":{"line":124,"column":23}},"74":{"start":{"line":125,"column":4},"end":{"line":125,"column":53}},"75":{"start":{"line":126,"column":4},"end":{"line":126,"column":54}},"76":{"start":{"line":127,"column":4},"end":{"line":127,"column":23}},"77":{"start":{"line":128,"column":4},"end":{"line":128,"column":54}},"78":{"start":{"line":129,"column":4},"end":{"line":129,"column":54}},"79":{"start":{"line":130,"column":4},"end":{"line":130,"column":23}},"80":{"start":{"line":131,"column":4},"end":{"line":131,"column":54}},"81":{"start":{"line":132,"column":4},"end":{"line":132,"column":54}},"82":{"start":{"line":133,"column":4},"end":{"line":133,"column":51}},"83":{"start":{"line":134,"column":4},"end":{"line":134,"column":23}},"84":{"start":{"line":135,"column":4},"end":{"line":135,"column":56}},"85":{"start":{"line":136,"column":4},"end":{"line":136,"column":56}},"86":{"start":{"line":137,"column":4},"end":{"line":137,"column":23}},"87":{"start":{"line":138,"column":4},"end":{"line":138,"column":56}},"88":{"start":{"line":139,"column":4},"end":{"line":139,"column":56}},"89":{"start":{"line":140,"column":4},"end":{"line":140,"column":23}},"90":{"start":{"line":141,"column":4},"end":{"line":141,"column":56}},"91":{"start":{"line":142,"column":4},"end":{"line":142,"column":56}},"92":{"start":{"line":143,"column":4},"end":{"line":143,"column":23}},"93":{"start":{"line":144,"column":4},"end":{"line":144,"column":56}},"94":{"start":{"line":145,"column":4},"end":{"line":145,"column":56}},"95":{"start":{"line":146,"column":4},"end":{"line":146,"column":51}},"96":{"start":{"line":147,"column":4},"end":{"line":147,"column":23}},"97":{"start":{"line":148,"column":4},"end":{"line":148,"column":53}},"98":{"start":{"line":149,"column":4},"end":{"line":149,"column":48}},"99":{"start":{"line":150,"column":4},"end":{"line":150,"column":53}},"100":{"start":{"line":151,"column":4},"end":{"line":151,"column":23}},"101":{"start":{"line":152,"column":4},"end":{"line":152,"column":56}},"102":{"start":{"line":153,"column":4},"end":{"line":153,"column":48}},"103":{"start":{"line":154,"column":4},"end":{"line":154,"column":54}},"104":{"start":{"line":155,"column":4},"end":{"line":155,"column":23}},"105":{"start":{"line":156,"column":4},"end":{"line":156,"column":49}},"106":{"start":{"line":157,"column":4},"end":{"line":157,"column":56}},"107":{"start":{"line":158,"column":4},"end":{"line":158,"column":56}},"108":{"start":{"line":159,"column":4},"end":{"line":159,"column":23}},"109":{"start":{"line":160,"column":4},"end":{"line":160,"column":56}},"110":{"start":{"line":161,"column":4},"end":{"line":161,"column":52}},"111":{"start":{"line":162,"column":4},"end":{"line":162,"column":51}},"112":{"start":{"line":163,"column":4},"end":{"line":163,"column":37}}},"fnMap":{"0":{"name":"(anonymous_0)","decl":{"start":{"line":8,"column":2},"end":{"line":8,"column":3}},"loc":{"start":{"line":8,"column":31},"end":{"line":11,"column":3}},"line":8},"1":{"name":"(anonymous_1)","decl":{"start":{"line":12,"column":2},"end":{"line":12,"column":3}},"loc":{"start":{"line":12,"column":13},"end":{"line":14,"column":3}},"line":12},"2":{"name":"(anonymous_2)","decl":{"start":{"line":15,"column":9},"end":{"line":15,"column":10}},"loc":{"start":{"line":15,"column":21},"end":{"line":90,"column":3}},"line":15},"3":{"name":"(anonymous_3)","decl":{"start":{"line":91,"column":12},"end":{"line":91,"column":13}},"loc":{"start":{"line":91,"column":29},"end":{"line":164,"column":3}},"line":91}},"branchMap":{"0":{"loc":{"start":{"line":21,"column":6},"end":{"line":26,"column":7}},"type":"switch","locations":[{"start":{"line":22,"column":8},"end":{"line":25,"column":11}}],"line":21},"1":{"loc":{"start":{"line":23,"column":10},"end":{"line":25,"column":11}},"type":"if","locations":[{"start":{"line":23,"column":10},"end":{"line":25,"column":11}},{"start":{},"end":{}}],"line":23},"2":{"loc":{"start":{"line":27,"column":6},"end":{"line":34,"column":7}},"type":"switch","locations":[{"start":{"line":28,"column":8},"end":{"line":33,"column":11}}],"line":27},"3":{"loc":{"start":{"line":29,"column":10},"end":{"line":33,"column":11}},"type":"if","locations":[{"start":{"line":29,"column":10},"end":{"line":33,"column":11}},{"start":{"line":31,"column":17},"end":{"line":33,"column":11}}],"line":29},"4":{"loc":{"start":{"line":31,"column":17},"end":{"line":33,"column":11}},"type":"if","locations":[{"start":{"line":31,"column":17},"end":{"line":33,"column":11}},{"start":{},"end":{}}],"line":31},"5":{"loc":{"start":{"line":35,"column":6},"end":{"line":42,"column":7}},"type":"switch","locations":[{"start":{"line":36,"column":8},"end":{"line":41,"column":11}}],"line":35},"6":{"loc":{"start":{"line":37,"column":10},"end":{"line":41,"column":11}},"type":"if","locations":[{"start":{"line":37,"column":10},"end":{"line":41,"column":11}},{"start":{"line":39,"column":17},"end":{"line":41,"column":11}}],"line":37},"7":{"loc":{"start":{"line":39,"column":17},"end":{"line":41,"column":11}},"type":"if","locations":[{"start":{"line":39,"column":17},"end":{"line":41,"column":11}},{"start":{},"end":{}}],"line":39},"8":{"loc":{"start":{"line":45,"column":6},"end":{"line":83,"column":7}},"type":"switch","locations":[{"start":{"line":46,"column":8},"end":{"line":63,"column":16}},{"start":{"line":64,"column":8},"end":{"line":77,"column":16}},{"start":{"line":78,"column":8},"end":{"line":82,"column":12}}],"line":45},"9":{"loc":{"start":{"line":47,"column":10},"end":{"line":52,"column":11}},"type":"if","locations":[{"start":{"line":47,"column":10},"end":{"line":52,"column":11}},{"start":{},"end":{}}],"line":47},"10":{"loc":{"start":{"line":57,"column":10},"end":{"line":62,"column":11}},"type":"if","locations":[{"start":{"line":57,"column":10},"end":{"line":62,"column":11}},{"start":{},"end":{}}],"line":57},"11":{"loc":{"start":{"line":65,"column":10},"end":{"line":70,"column":11}},"type":"if","locations":[{"start":{"line":65,"column":10},"end":{"line":70,"column":11}},{"start":{},"end":{}}],"line":65},"12":{"loc":{"start":{"line":71,"column":10},"end":{"line":76,"column":11}},"type":"if","locations":[{"start":{"line":71,"column":10},"end":{"line":76,"column":11}},{"start":{},"end":{}}],"line":71},"13":{"loc":{"start":{"line":71,"column":14},"end":{"line":71,"column":65}},"type":"binary-expr","locations":[{"start":{"line":71,"column":14},"end":{"line":71,"column":24}},{"start":{"line":71,"column":28},"end":{"line":71,"column":65}}],"line":71},"14":{"loc":{"start":{"line":85,"column":4},"end":{"line":87,"column":5}},"type":"if","locations":[{"start":{"line":85,"column":4},"end":{"line":87,"column":5}},{"start":{},"end":{}}],"line":85}},"s":{"0":1,"1":0,"2":0,"3":0,"4":0,"5":0,"6":0,"7":0,"8":0,"9":0,"10":0,"11":0,"12":0,"13":0,"14":0,"15":0,"16":0,"17":0,"18":0,"19":0,"20":0,"21":0,"22":0,"23":0,"24":0,"25":0,"26":0,"27":0,"28":0,"29":0,"30":0,"31":0,"32":0,"33":0,"34":0,"35":0,"36":0,"37":0,"38":0,"39":0,"40":0,"41":3,"42":3,"43":3,"44":3,"45":3,"46":3,"47":3,"48":3,"49":3,"50":3,"51":3,"52":3,"53":3,"54":3,"55":3,"56":3,"57":3,"58":3,"59":3,"60":3,"61":3,"62":3,"63":3,"64":3,"65":3,"66":3,"67":3,"68":3,"69":3,"70":3,"71":3,"72":3,"73":3,"74":3,"75":3,"76":3,"77":3,"78":3,"79":3,"80":3,"81":3,"82":3,"83":3,"84":3,"85":3,"86":3,"87":3,"88":3,"89":3,"90":3,"91":3,"92":3,"93":3,"94":3,"95":3,"96":3,"97":3,"98":3,"99":3,"100":3,"101":3,"102":3,"103":3,"104":3,"105":3,"106":3,"107":3,"108":3,"109":3,"110":3,"111":3,"112":3},"f":{"0":0,"1":0,"2":0,"3":3},"b":{"0":[0],"1":[0,0],"2":[0],"3":[0,0],"4":[0,0],"5":[0],"6":[0,0],"7":[0,0],"8":[0,0,0],"9":[0,0],"10":[0,0],"11":[0,0],"12":[0,0],"13":[0,0],"14":[0,0]},"_coverageSchema":"1a1c01bbd47fc00a2c39e90264f33305004495a9","hash":"2dccd0d52ece4b0c22b328377b9d1c17e60767ae"}
,"C:\\Users\\Leonardo\\cs321-team-3\\demo\\src\\lane.js": {"path":"C:\\Users\\Leonardo\\cs321-team-3\\demo\\src\\lane.js","statementMap":{"0":{"start":{"line":5,"column":4},"end":{"line":5,"column":66}},"1":{"start":{"line":7,"column":4},"end":{"line":12,"column":6}},"2":{"start":{"line":8,"column":6},"end":{"line":8,"column":25}},"3":{"start":{"line":9,"column":6},"end":{"line":9,"column":25}},"4":{"start":{"line":10,"column":6},"end":{"line":10,"column":25}},"5":{"start":{"line":11,"column":6},"end":{"line":11,"column":25}},"6":{"start":{"line":14,"column":4},"end":{"line":16,"column":6}},"7":{"start":{"line":15,"column":6},"end":{"line":15,"column":24}},"8":{"start":{"line":18,"column":4},"end":{"line":26,"column":6}},"9":{"start":{"line":19,"column":21},"end":{"line":19,"column":45}},"10":{"start":{"line":20,"column":6},"end":{"line":25,"column":7}},"11":{"start":{"line":21,"column":8},"end":{"line":24,"column":9}},"12":{"start":{"line":22,"column":10},"end":{"line":22,"column":42}},"13":{"start":{"line":23,"column":10},"end":{"line":23,"column":39}},"14":{"start":{"line":28,"column":4},"end":{"line":36,"column":6}},"15":{"start":{"line":29,"column":21},"end":{"line":29,"column":45}},"16":{"start":{"line":30,"column":6},"end":{"line":35,"column":7}},"17":{"start":{"line":31,"column":8},"end":{"line":34,"column":9}},"18":{"start":{"line":32,"column":10},"end":{"line":32,"column":42}},"19":{"start":{"line":33,"column":10},"end":{"line":33,"column":39}},"20":{"start":{"line":38,"column":4},"end":{"line":48,"column":6}},"21":{"start":{"line":40,"column":6},"end":{"line":44,"column":7}},"22":{"start":{"line":41,"column":8},"end":{"line":41,"column":46}},"23":{"start":{"line":42,"column":8},"end":{"line":42,"column":46}},"24":{"start":{"line":43,"column":8},"end":{"line":43,"column":47}},"25":{"start":{"line":50,"column":4},"end":{"line":77,"column":6}},"26":{"start":{"line":51,"column":30},"end":{"line":51,"column":31}},"27":{"start":{"line":52,"column":6},"end":{"line":74,"column":7}},"28":{"start":{"line":54,"column":10},"end":{"line":59,"column":11}},"29":{"start":{"line":55,"column":12},"end":{"line":55,"column":37}},"30":{"start":{"line":56,"column":12},"end":{"line":56,"column":26}},"31":{"start":{"line":58,"column":12},"end":{"line":58,"column":46}},"32":{"start":{"line":60,"column":10},"end":{"line":60,"column":16}},"33":{"start":{"line":62,"column":10},"end":{"line":66,"column":11}},"34":{"start":{"line":63,"column":12},"end":{"line":63,"column":37}},"35":{"start":{"line":65,"column":12},"end":{"line":65,"column":46}},"36":{"start":{"line":67,"column":10},"end":{"line":67,"column":16}},"37":{"start":{"line":69,"column":10},"end":{"line":73,"column":11}},"38":{"start":{"line":70,"column":12},"end":{"line":70,"column":37}},"39":{"start":{"line":72,"column":12},"end":{"line":72,"column":46}},"40":{"start":{"line":75,"column":6},"end":{"line":75,"column":45}},"41":{"start":{"line":76,"column":6},"end":{"line":76,"column":31}},"42":{"start":{"line":79,"column":4},"end":{"line":96,"column":6}},"43":{"start":{"line":80,"column":6},"end":{"line":95,"column":7}},"44":{"start":{"line":82,"column":10},"end":{"line":82,"column":40}},"45":{"start":{"line":83,"column":10},"end":{"line":83,"column":24}},"46":{"start":{"line":84,"column":10},"end":{"line":84,"column":16}},"47":{"start":{"line":86,"column":10},"end":{"line":86,"column":16}},"48":{"start":{"line":88,"column":10},"end":{"line":88,"column":39}},"49":{"start":{"line":89,"column":10},"end":{"line":89,"column":28}},"50":{"start":{"line":90,"column":10},"end":{"line":90,"column":24}},"51":{"start":{"line":91,"column":10},"end":{"line":91,"column":16}},"52":{"start":{"line":93,"column":10},"end":{"line":93,"column":39}},"53":{"start":{"line":94,"column":10},"end":{"line":94,"column":24}}},"fnMap":{"0":{"name":"(anonymous_0)","decl":{"start":{"line":4,"column":2},"end":{"line":4,"column":3}},"loc":{"start":{"line":4,"column":16},"end":{"line":97,"column":3}},"line":4},"1":{"name":"(anonymous_1)","decl":{"start":{"line":7,"column":21},"end":{"line":7,"column":22}},"loc":{"start":{"line":7,"column":47},"end":{"line":12,"column":5}},"line":7},"2":{"name":"(anonymous_2)","decl":{"start":{"line":14,"column":20},"end":{"line":14,"column":21}},"loc":{"start":{"line":14,"column":32},"end":{"line":16,"column":5}},"line":14},"3":{"name":"(anonymous_3)","decl":{"start":{"line":18,"column":18},"end":{"line":18,"column":19}},"loc":{"start":{"line":18,"column":34},"end":{"line":26,"column":5}},"line":18},"4":{"name":"(anonymous_4)","decl":{"start":{"line":28,"column":20},"end":{"line":28,"column":21}},"loc":{"start":{"line":28,"column":36},"end":{"line":36,"column":5}},"line":28},"5":{"name":"(anonymous_5)","decl":{"start":{"line":38,"column":20},"end":{"line":38,"column":21}},"loc":{"start":{"line":38,"column":32},"end":{"line":48,"column":5}},"line":38},"6":{"name":"(anonymous_6)","decl":{"start":{"line":50,"column":15},"end":{"line":50,"column":16}},"loc":{"start":{"line":50,"column":39},"end":{"line":77,"column":5}},"line":50},"7":{"name":"(anonymous_7)","decl":{"start":{"line":79,"column":17},"end":{"line":79,"column":18}},"loc":{"start":{"line":79,"column":41},"end":{"line":96,"column":5}},"line":79}},"branchMap":{"0":{"loc":{"start":{"line":20,"column":6},"end":{"line":25,"column":7}},"type":"if","locations":[{"start":{"line":20,"column":6},"end":{"line":25,"column":7}},{"start":{},"end":{}}],"line":20},"1":{"loc":{"start":{"line":21,"column":8},"end":{"line":24,"column":9}},"type":"if","locations":[{"start":{"line":21,"column":8},"end":{"line":24,"column":9}},{"start":{},"end":{}}],"line":21},"2":{"loc":{"start":{"line":30,"column":6},"end":{"line":35,"column":7}},"type":"if","locations":[{"start":{"line":30,"column":6},"end":{"line":35,"column":7}},{"start":{},"end":{}}],"line":30},"3":{"loc":{"start":{"line":31,"column":8},"end":{"line":34,"column":9}},"type":"if","locations":[{"start":{"line":31,"column":8},"end":{"line":34,"column":9}},{"start":{},"end":{}}],"line":31},"4":{"loc":{"start":{"line":40,"column":6},"end":{"line":44,"column":7}},"type":"if","locations":[{"start":{"line":40,"column":6},"end":{"line":44,"column":7}},{"start":{},"end":{}}],"line":40},"5":{"loc":{"start":{"line":52,"column":6},"end":{"line":74,"column":7}},"type":"switch","locations":[{"start":{"line":53,"column":8},"end":{"line":60,"column":16}},{"start":{"line":61,"column":8},"end":{"line":67,"column":16}},{"start":{"line":68,"column":8},"end":{"line":73,"column":11}}],"line":52},"6":{"loc":{"start":{"line":54,"column":10},"end":{"line":59,"column":11}},"type":"if","locations":[{"start":{"line":54,"column":10},"end":{"line":59,"column":11}},{"start":{"line":57,"column":17},"end":{"line":59,"column":11}}],"line":54},"7":{"loc":{"start":{"line":62,"column":10},"end":{"line":66,"column":11}},"type":"if","locations":[{"start":{"line":62,"column":10},"end":{"line":66,"column":11}},{"start":{"line":64,"column":17},"end":{"line":66,"column":11}}],"line":62},"8":{"loc":{"start":{"line":69,"column":10},"end":{"line":73,"column":11}},"type":"if","locations":[{"start":{"line":69,"column":10},"end":{"line":73,"column":11}},{"start":{"line":71,"column":17},"end":{"line":73,"column":11}}],"line":69},"9":{"loc":{"start":{"line":69,"column":14},"end":{"line":69,"column":65}},"type":"binary-expr","locations":[{"start":{"line":69,"column":14},"end":{"line":69,"column":35}},{"start":{"line":69,"column":39},"end":{"line":69,"column":65}}],"line":69},"10":{"loc":{"start":{"line":80,"column":6},"end":{"line":95,"column":7}},"type":"switch","locations":[{"start":{"line":81,"column":8},"end":{"line":84,"column":16}},{"start":{"line":85,"column":8},"end":{"line":86,"column":16}},{"start":{"line":87,"column":8},"end":{"line":91,"column":16}},{"start":{"line":92,"column":8},"end":{"line":94,"column":24}}],"line":80}},"s":{"0":60,"1":60,"2":0,"3":0,"4":0,"5":0,"6":60,"7":12,"8":60,"9":0,"10":0,"11":0,"12":0,"13":0,"14":60,"15":0,"16":0,"17":0,"18":0,"19":0,"20":60,"21":0,"22":0,"23":0,"24":0,"25":60,"26":0,"27":0,"28":0,"29":0,"30":0,"31":0,"32":0,"33":0,"34":0,"35":0,"36":0,"37":0,"38":0,"39":0,"40":0,"41":0,"42":60,"43":0,"44":0,"45":0,"46":0,"47":0,"48":0,"49":0,"50":0,"51":0,"52":0,"53":0},"f":{"0":60,"1":0,"2":12,"3":0,"4":0,"5":0,"6":0,"7":0},"b":{"0":[0,0],"1":[0,0],"2":[0,0],"3":[0,0],"4":[0,0],"5":[0,0,0],"6":[0,0],"7":[0,0],"8":[0,0],"9":[0,0],"10":[0,0,0,0]},"_coverageSchema":"1a1c01bbd47fc00a2c39e90264f33305004495a9","hash":"4a93c2d41f1082b1e229217e7acf1565b394b358"}
,"C:\\Users\\Leonardo\\cs321-team-3\\demo\\src\\tile.js": {"path":"C:\\Users\\Leonardo\\cs321-team-3\\demo\\src\\tile.js","statementMap":{"0":{"start":{"line":2,"column":2},"end":{"line":2,"column":22}},"1":{"start":{"line":3,"column":2},"end":{"line":3,"column":18}},"2":{"start":{"line":4,"column":2},"end":{"line":4,"column":18}},"3":{"start":{"line":5,"column":2},"end":{"line":5,"column":23}},"4":{"start":{"line":7,"column":2},"end":{"line":12,"column":4}},"5":{"start":{"line":8,"column":4},"end":{"line":8,"column":24}},"6":{"start":{"line":9,"column":4},"end":{"line":9,"column":20}},"7":{"start":{"line":10,"column":4},"end":{"line":10,"column":20}},"8":{"start":{"line":11,"column":4},"end":{"line":11,"column":25}},"9":{"start":{"line":14,"column":2},"end":{"line":19,"column":4}},"10":{"start":{"line":15,"column":4},"end":{"line":15,"column":21}},"11":{"start":{"line":16,"column":4},"end":{"line":16,"column":20}},"12":{"start":{"line":17,"column":4},"end":{"line":17,"column":20}},"13":{"start":{"line":18,"column":4},"end":{"line":18,"column":19}},"14":{"start":{"line":21,"column":2},"end":{"line":25,"column":4}},"15":{"start":{"line":22,"column":4},"end":{"line":24,"column":5}},"16":{"start":{"line":23,"column":6},"end":{"line":23,"column":19}}},"fnMap":{"0":{"name":"Tile","decl":{"start":{"line":1,"column":16},"end":{"line":1,"column":20}},"loc":{"start":{"line":1,"column":23},"end":{"line":26,"column":1}},"line":1},"1":{"name":"(anonymous_1)","decl":{"start":{"line":7,"column":15},"end":{"line":7,"column":16}},"loc":{"start":{"line":7,"column":27},"end":{"line":12,"column":3}},"line":7},"2":{"name":"(anonymous_2)","decl":{"start":{"line":14,"column":16},"end":{"line":14,"column":17}},"loc":{"start":{"line":14,"column":38},"end":{"line":19,"column":3}},"line":14},"3":{"name":"(anonymous_3)","decl":{"start":{"line":21,"column":15},"end":{"line":21,"column":16}},"loc":{"start":{"line":21,"column":27},"end":{"line":25,"column":3}},"line":21}},"branchMap":{"0":{"loc":{"start":{"line":22,"column":4},"end":{"line":24,"column":5}},"type":"if","locations":[{"start":{"line":22,"column":4},"end":{"line":24,"column":5}},{"start":{},"end":{}}],"line":22}},"s":{"0":240,"1":240,"2":240,"3":240,"4":240,"5":0,"6":0,"7":0,"8":0,"9":240,"10":132,"11":132,"12":132,"13":132,"14":240,"15":0,"16":0},"f":{"0":240,"1":0,"2":132,"3":0},"b":{"0":[0,0]},"_coverageSchema":"1a1c01bbd47fc00a2c39e90264f33305004495a9","hash":"26358c682e01624961af66d5355f84aff215c8ef"}
,"C:\\Users\\Leonardo\\cs321-team-3\\demo\\src\\assets\\abilities\\ability_buffneighbors.png": {"path":"C:\\Users\\Leonardo\\cs321-team-3\\demo\\src\\assets\\abilities\\ability_buffneighbors.png","statementMap":{"0":{"start":{"line":1,"column":0},"end":{"line":1,"column":19}}},"fnMap":{},"branchMap":{},"s":{"0":1},"f":{},"b":{},"_coverageSchema":"1a1c01bbd47fc00a2c39e90264f33305004495a9","hash":"7afaaf695bedf1263109bce68dc9a18cb319cac2"}
,"C:\\Users\\Leonardo\\cs321-team-3\\demo\\src\\assets\\abilities\\ability_deathtouch.png": {"path":"C:\\Users\\Leonardo\\cs321-team-3\\demo\\src\\assets\\abilities\\ability_deathtouch.png","statementMap":{"0":{"start":{"line":1,"column":0},"end":{"line":1,"column":19}}},"fnMap":{},"branchMap":{},"s":{"0":1},"f":{},"b":{},"_coverageSchema":"1a1c01bbd47fc00a2c39e90264f33305004495a9","hash":"8dd2b86d377d33ed8ef4e93635f915a883129a54"}
,"C:\\Users\\Leonardo\\cs321-team-3\\demo\\src\\assets\\abilities\\ability_debuffenemy.png": {"path":"C:\\Users\\Leonardo\\cs321-team-3\\demo\\src\\assets\\abilities\\ability_debuffenemy.png","statementMap":{"0":{"start":{"line":1,"column":0},"end":{"line":1,"column":19}}},"fnMap":{},"branchMap":{},"s":{"0":1},"f":{},"b":{},"_coverageSchema":"1a1c01bbd47fc00a2c39e90264f33305004495a9","hash":"00ecb90ae3ba69453538e68bd79982e1e9a2d3a1"}
,"C:\\Users\\Leonardo\\cs321-team-3\\demo\\src\\assets\\abilities\\ability_flying.png": {"path":"C:\\Users\\Leonardo\\cs321-team-3\\demo\\src\\assets\\abilities\\ability_flying.png","statementMap":{"0":{"start":{"line":1,"column":0},"end":{"line":1,"column":19}}},"fnMap":{},"branchMap":{},"s":{"0":1},"f":{},"b":{},"_coverageSchema":"1a1c01bbd47fc00a2c39e90264f33305004495a9","hash":"548094dc9ceaaaef4326063d304294a162b20ca3"}
,"C:\\Users\\Leonardo\\cs321-team-3\\demo\\src\\assets\\abilities\\ability_preventattack.png": {"path":"C:\\Users\\Leonardo\\cs321-team-3\\demo\\src\\assets\\abilities\\ability_preventattack.png","statementMap":{"0":{"start":{"line":1,"column":0},"end":{"line":1,"column":19}}},"fnMap":{},"branchMap":{},"s":{"0":1},"f":{},"b":{},"_coverageSchema":"1a1c01bbd47fc00a2c39e90264f33305004495a9","hash":"a58bdc5153e67643d08520419146088ca5de3394"}
,"C:\\Users\\Leonardo\\cs321-team-3\\demo\\src\\assets\\abilities\\ability_reach.png": {"path":"C:\\Users\\Leonardo\\cs321-team-3\\demo\\src\\assets\\abilities\\ability_reach.png","statementMap":{"0":{"start":{"line":1,"column":0},"end":{"line":1,"column":19}}},"fnMap":{},"branchMap":{},"s":{"0":1},"f":{},"b":{},"_coverageSchema":"1a1c01bbd47fc00a2c39e90264f33305004495a9","hash":"0245e786918bab7d3d83fe9626936af0c45b25a3"}
,"C:\\Users\\Leonardo\\cs321-team-3\\demo\\src\\assets\\abilities\\ability_sharp.png": {"path":"C:\\Users\\Leonardo\\cs321-team-3\\demo\\src\\assets\\abilities\\ability_sharp.png","statementMap":{"0":{"start":{"line":1,"column":0},"end":{"line":1,"column":19}}},"fnMap":{},"branchMap":{},"s":{"0":1},"f":{},"b":{},"_coverageSchema":"1a1c01bbd47fc00a2c39e90264f33305004495a9","hash":"886e3b77c70e590d9cf1ecbe07693a5ac37792e9"}
,"C:\\Users\\Leonardo\\cs321-team-3\\demo\\src\\assets\\abilities\\ability_submerge.png": {"path":"C:\\Users\\Leonardo\\cs321-team-3\\demo\\src\\assets\\abilities\\ability_submerge.png","statementMap":{"0":{"start":{"line":1,"column":0},"end":{"line":1,"column":19}}},"fnMap":{},"branchMap":{},"s":{"0":1},"f":{},"b":{},"_coverageSchema":"1a1c01bbd47fc00a2c39e90264f33305004495a9","hash":"de27482e3eadf1ab15ca63c5c225a961ad93e6fc"}
,"C:\\Users\\Leonardo\\cs321-team-3\\demo\\src\\components\\HelloWorld.vue": {"path":"C:\\Users\\Leonardo\\cs321-team-3\\demo\\src\\components\\HelloWorld.vue","statementMap":{"0":{"start":{"line":98,"column":15},"end":{"line":98,"column":null}}},"fnMap":{},"branchMap":{},"s":{"0":1},"f":{},"b":{}}
}
