{"C:\\Users\\Leonardo\\cs321-team-3\\demo\\src\\board.js": {"path":"C:\\Users\\Leonardo\\cs321-team-3\\demo\\src\\board.js","statementMap":{"0":{"start":{"line":12,"column":4},"end":{"line":12,"column":46}},"1":{"start":{"line":13,"column":4},"end":{"line":13,"column":19}},"2":{"start":{"line":16,"column":13},"end":{"line":18,"column":3}},"3":{"start":{"line":17,"column":4},"end":{"line":17,"column":22}},"4":{"start":{"line":20,"column":14},"end":{"line":23,"column":3}},"5":{"start":{"line":21,"column":4},"end":{"line":21,"column":28}},"6":{"start":{"line":22,"column":4},"end":{"line":22,"column":23}},"7":{"start":{"line":25,"column":4},"end":{"line":25,"column":22}},"8":{"start":{"line":29,"column":4},"end":{"line":29,"column":43}},"9":{"start":{"line":30,"column":25},"end":{"line":30,"column":35}},"10":{"start":{"line":31,"column":28},"end":{"line":31,"column":29}},"11":{"start":{"line":33,"column":4},"end":{"line":56,"column":5}},"12":{"start":{"line":33,"column":17},"end":{"line":33,"column":18}},"13":{"start":{"line":34,"column":6},"end":{"line":39,"column":7}},"14":{"start":{"line":36,"column":10},"end":{"line":38,"column":11}},"15":{"start":{"line":37,"column":12},"end":{"line":37,"column":48}},"16":{"start":{"line":40,"column":6},"end":{"line":47,"column":7}},"17":{"start":{"line":42,"column":10},"end":{"line":46,"column":11}},"18":{"start":{"line":43,"column":12},"end":{"line":43,"column":48}},"19":{"start":{"line":44,"column":17},"end":{"line":46,"column":11}},"20":{"start":{"line":45,"column":12},"end":{"line":45,"column":48}},"21":{"start":{"line":48,"column":6},"end":{"line":55,"column":7}},"22":{"start":{"line":50,"column":10},"end":{"line":54,"column":11}},"23":{"start":{"line":51,"column":12},"end":{"line":51,"column":48}},"24":{"start":{"line":52,"column":17},"end":{"line":54,"column":11}},"25":{"start":{"line":53,"column":12},"end":{"line":53,"column":48}},"26":{"start":{"line":57,"column":4},"end":{"line":97,"column":5}},"27":{"start":{"line":57,"column":17},"end":{"line":57,"column":18}},"28":{"start":{"line":58,"column":6},"end":{"line":96,"column":7}},"29":{"start":{"line":60,"column":10},"end":{"line":65,"column":11}},"30":{"start":{"line":61,"column":12},"end":{"line":64,"column":14}},"31":{"start":{"line":66,"column":10},"end":{"line":69,"column":12}},"32":{"start":{"line":70,"column":10},"end":{"line":75,"column":11}},"33":{"start":{"line":71,"column":12},"end":{"line":74,"column":14}},"34":{"start":{"line":76,"column":10},"end":{"line":76,"column":16}},"35":{"start":{"line":78,"column":10},"end":{"line":83,"column":11}},"36":{"start":{"line":79,"column":12},"end":{"line":82,"column":14}},"37":{"start":{"line":84,"column":10},"end":{"line":89,"column":11}},"38":{"start":{"line":85,"column":12},"end":{"line":88,"column":14}},"39":{"start":{"line":90,"column":10},"end":{"line":90,"column":16}},"40":{"start":{"line":92,"column":10},"end":{"line":95,"column":12}},"41":{"start":{"line":98,"column":4},"end":{"line":100,"column":5}},"42":{"start":{"line":99,"column":6},"end":{"line":99,"column":51}},"43":{"start":{"line":101,"column":4},"end":{"line":101,"column":37}},"44":{"start":{"line":102,"column":4},"end":{"line":102,"column":29}}},"fnMap":{"0":{"name":"(anonymous_0)","decl":{"start":{"line":6,"column":2},"end":{"line":6,"column":3}},"loc":{"start":{"line":11,"column":4},"end":{"line":14,"column":3}},"line":11},"1":{"name":"(anonymous_1)","decl":{"start":{"line":16,"column":13},"end":{"line":16,"column":14}},"loc":{"start":{"line":16,"column":19},"end":{"line":18,"column":3}},"line":16},"2":{"name":"(anonymous_2)","decl":{"start":{"line":20,"column":14},"end":{"line":20,"column":15}},"loc":{"start":{"line":20,"column":37},"end":{"line":23,"column":3}},"line":20},"3":{"name":"(anonymous_3)","decl":{"start":{"line":24,"column":2},"end":{"line":24,"column":3}},"loc":{"start":{"line":24,"column":13},"end":{"line":26,"column":3}},"line":24},"4":{"name":"(anonymous_4)","decl":{"start":{"line":28,"column":2},"end":{"line":28,"column":3}},"loc":{"start":{"line":28,"column":10},"end":{"line":103,"column":3}},"line":28}},"branchMap":{"0":{"loc":{"start":{"line":7,"column":4},"end":{"line":7,"column":22}},"type":"default-arg","locations":[{"start":{"line":7,"column":12},"end":{"line":7,"column":22}}],"line":7},"1":{"loc":{"start":{"line":8,"column":4},"end":{"line":8,"column":22}},"type":"default-arg","locations":[{"start":{"line":8,"column":12},"end":{"line":8,"column":22}}],"line":8},"2":{"loc":{"start":{"line":9,"column":4},"end":{"line":9,"column":22}},"type":"default-arg","locations":[{"start":{"line":9,"column":12},"end":{"line":9,"column":22}}],"line":9},"3":{"loc":{"start":{"line":10,"column":4},"end":{"line":10,"column":22}},"type":"default-arg","locations":[{"start":{"line":10,"column":12},"end":{"line":10,"column":22}}],"line":10},"4":{"loc":{"start":{"line":34,"column":6},"end":{"line":39,"column":7}},"type":"switch","locations":[{"start":{"line":35,"column":8},"end":{"line":38,"column":11}}],"line":34},"5":{"loc":{"start":{"line":36,"column":10},"end":{"line":38,"column":11}},"type":"if","locations":[{"start":{"line":36,"column":10},"end":{"line":38,"column":11}},{"start":{},"end":{}}],"line":36},"6":{"loc":{"start":{"line":40,"column":6},"end":{"line":47,"column":7}},"type":"switch","locations":[{"start":{"line":41,"column":8},"end":{"line":46,"column":11}}],"line":40},"7":{"loc":{"start":{"line":42,"column":10},"end":{"line":46,"column":11}},"type":"if","locations":[{"start":{"line":42,"column":10},"end":{"line":46,"column":11}},{"start":{"line":44,"column":17},"end":{"line":46,"column":11}}],"line":42},"8":{"loc":{"start":{"line":44,"column":17},"end":{"line":46,"column":11}},"type":"if","locations":[{"start":{"line":44,"column":17},"end":{"line":46,"column":11}},{"start":{},"end":{}}],"line":44},"9":{"loc":{"start":{"line":48,"column":6},"end":{"line":55,"column":7}},"type":"switch","locations":[{"start":{"line":49,"column":8},"end":{"line":54,"column":11}}],"line":48},"10":{"loc":{"start":{"line":50,"column":10},"end":{"line":54,"column":11}},"type":"if","locations":[{"start":{"line":50,"column":10},"end":{"line":54,"column":11}},{"start":{"line":52,"column":17},"end":{"line":54,"column":11}}],"line":50},"11":{"loc":{"start":{"line":52,"column":17},"end":{"line":54,"column":11}},"type":"if","locations":[{"start":{"line":52,"column":17},"end":{"line":54,"column":11}},{"start":{},"end":{}}],"line":52},"12":{"loc":{"start":{"line":58,"column":6},"end":{"line":96,"column":7}},"type":"switch","locations":[{"start":{"line":59,"column":8},"end":{"line":76,"column":16}},{"start":{"line":77,"column":8},"end":{"line":90,"column":16}},{"start":{"line":91,"column":8},"end":{"line":95,"column":12}}],"line":58},"13":{"loc":{"start":{"line":60,"column":10},"end":{"line":65,"column":11}},"type":"if","locations":[{"start":{"line":60,"column":10},"end":{"line":65,"column":11}},{"start":{},"end":{}}],"line":60},"14":{"loc":{"start":{"line":70,"column":10},"end":{"line":75,"column":11}},"type":"if","locations":[{"start":{"line":70,"column":10},"end":{"line":75,"column":11}},{"start":{},"end":{}}],"line":70},"15":{"loc":{"start":{"line":78,"column":10},"end":{"line":83,"column":11}},"type":"if","locations":[{"start":{"line":78,"column":10},"end":{"line":83,"column":11}},{"start":{},"end":{}}],"line":78},"16":{"loc":{"start":{"line":84,"column":10},"end":{"line":89,"column":11}},"type":"if","locations":[{"start":{"line":84,"column":10},"end":{"line":89,"column":11}},{"start":{},"end":{}}],"line":84},"17":{"loc":{"start":{"line":84,"column":14},"end":{"line":84,"column":65}},"type":"binary-expr","locations":[{"start":{"line":84,"column":14},"end":{"line":84,"column":24}},{"start":{"line":84,"column":28},"end":{"line":84,"column":65}}],"line":84},"18":{"loc":{"start":{"line":98,"column":4},"end":{"line":100,"column":5}},"type":"if","locations":[{"start":{"line":98,"column":4},"end":{"line":100,"column":5}},{"start":{},"end":{}}],"line":98}},"s":{"0":3,"1":3,"2":3,"3":3,"4":3,"5":0,"6":0,"7":0,"8":0,"9":0,"10":0,"11":0,"12":0,"13":0,"14":0,"15":0,"16":0,"17":0,"18":0,"19":0,"20":0,"21":0,"22":0,"23":0,"24":0,"25":0,"26":0,"27":0,"28":0,"29":0,"30":0,"31":0,"32":0,"33":0,"34":0,"35":0,"36":0,"37":0,"38":0,"39":0,"40":0,"41":0,"42":0,"43":0,"44":0},"f":{"0":3,"1":3,"2":0,"3":0,"4":0},"b":{"0":[0],"1":[0],"2":[0],"3":[0],"4":[0],"5":[0,0],"6":[0],"7":[0,0],"8":[0,0],"9":[0],"10":[0,0],"11":[0,0],"12":[0,0,0],"13":[0,0],"14":[0,0],"15":[0,0],"16":[0,0],"17":[0,0],"18":[0,0]},"_coverageSchema":"1a1c01bbd47fc00a2c39e90264f33305004495a9","hash":"cef070e44377f88c87fdb5861499e23f87646982"}
,"C:\\Users\\Leonardo\\cs321-team-3\\demo\\src\\lane.js": {"path":"C:\\Users\\Leonardo\\cs321-team-3\\demo\\src\\lane.js","statementMap":{"0":{"start":{"line":10,"column":4},"end":{"line":10,"column":34}},"1":{"start":{"line":13,"column":13},"end":{"line":15,"column":3}},"2":{"start":{"line":14,"column":4},"end":{"line":14,"column":22}},"3":{"start":{"line":17,"column":13},"end":{"line":27,"column":3}},"4":{"start":{"line":19,"column":4},"end":{"line":23,"column":5}},"5":{"start":{"line":20,"column":6},"end":{"line":20,"column":44}},"6":{"start":{"line":21,"column":6},"end":{"line":21,"column":44}},"7":{"start":{"line":22,"column":6},"end":{"line":22,"column":45}},"8":{"start":{"line":29,"column":8},"end":{"line":56,"column":3}},"9":{"start":{"line":30,"column":28},"end":{"line":30,"column":29}},"10":{"start":{"line":31,"column":4},"end":{"line":53,"column":5}},"11":{"start":{"line":33,"column":8},"end":{"line":38,"column":9}},"12":{"start":{"line":34,"column":10},"end":{"line":34,"column":35}},"13":{"start":{"line":35,"column":10},"end":{"line":35,"column":24}},"14":{"start":{"line":37,"column":10},"end":{"line":37,"column":44}},"15":{"start":{"line":39,"column":8},"end":{"line":39,"column":14}},"16":{"start":{"line":41,"column":8},"end":{"line":45,"column":9}},"17":{"start":{"line":42,"column":10},"end":{"line":42,"column":35}},"18":{"start":{"line":44,"column":10},"end":{"line":44,"column":44}},"19":{"start":{"line":46,"column":8},"end":{"line":46,"column":14}},"20":{"start":{"line":48,"column":8},"end":{"line":52,"column":9}},"21":{"start":{"line":49,"column":10},"end":{"line":49,"column":35}},"22":{"start":{"line":51,"column":10},"end":{"line":51,"column":44}},"23":{"start":{"line":54,"column":4},"end":{"line":54,"column":43}},"24":{"start":{"line":55,"column":4},"end":{"line":55,"column":29}},"25":{"start":{"line":58,"column":10},"end":{"line":75,"column":3}},"26":{"start":{"line":59,"column":4},"end":{"line":74,"column":5}},"27":{"start":{"line":61,"column":8},"end":{"line":61,"column":38}},"28":{"start":{"line":62,"column":8},"end":{"line":62,"column":22}},"29":{"start":{"line":63,"column":8},"end":{"line":63,"column":14}},"30":{"start":{"line":65,"column":8},"end":{"line":65,"column":14}},"31":{"start":{"line":67,"column":8},"end":{"line":67,"column":37}},"32":{"start":{"line":68,"column":8},"end":{"line":68,"column":26}},"33":{"start":{"line":69,"column":8},"end":{"line":69,"column":22}},"34":{"start":{"line":70,"column":8},"end":{"line":70,"column":14}},"35":{"start":{"line":72,"column":8},"end":{"line":72,"column":37}},"36":{"start":{"line":73,"column":8},"end":{"line":73,"column":22}}},"fnMap":{"0":{"name":"(anonymous_0)","decl":{"start":{"line":4,"column":2},"end":{"line":4,"column":3}},"loc":{"start":{"line":9,"column":4},"end":{"line":11,"column":3}},"line":9},"1":{"name":"(anonymous_1)","decl":{"start":{"line":13,"column":13},"end":{"line":13,"column":14}},"loc":{"start":{"line":13,"column":25},"end":{"line":15,"column":3}},"line":13},"2":{"name":"(anonymous_2)","decl":{"start":{"line":17,"column":13},"end":{"line":17,"column":14}},"loc":{"start":{"line":17,"column":19},"end":{"line":27,"column":3}},"line":17},"3":{"name":"(anonymous_3)","decl":{"start":{"line":29,"column":8},"end":{"line":29,"column":9}},"loc":{"start":{"line":29,"column":26},"end":{"line":56,"column":3}},"line":29},"4":{"name":"(anonymous_4)","decl":{"start":{"line":58,"column":10},"end":{"line":58,"column":11}},"loc":{"start":{"line":58,"column":34},"end":{"line":75,"column":3}},"line":58}},"branchMap":{"0":{"loc":{"start":{"line":5,"column":4},"end":{"line":5,"column":19}},"type":"default-arg","locations":[{"start":{"line":5,"column":9},"end":{"line":5,"column":19}}],"line":5},"1":{"loc":{"start":{"line":6,"column":4},"end":{"line":6,"column":19}},"type":"default-arg","locations":[{"start":{"line":6,"column":9},"end":{"line":6,"column":19}}],"line":6},"2":{"loc":{"start":{"line":7,"column":4},"end":{"line":7,"column":19}},"type":"default-arg","locations":[{"start":{"line":7,"column":9},"end":{"line":7,"column":19}}],"line":7},"3":{"loc":{"start":{"line":8,"column":4},"end":{"line":8,"column":19}},"type":"default-arg","locations":[{"start":{"line":8,"column":9},"end":{"line":8,"column":19}}],"line":8},"4":{"loc":{"start":{"line":19,"column":4},"end":{"line":23,"column":5}},"type":"if","locations":[{"start":{"line":19,"column":4},"end":{"line":23,"column":5}},{"start":{},"end":{}}],"line":19},"5":{"loc":{"start":{"line":31,"column":4},"end":{"line":53,"column":5}},"type":"switch","locations":[{"start":{"line":32,"column":6},"end":{"line":39,"column":14}},{"start":{"line":40,"column":6},"end":{"line":46,"column":14}},{"start":{"line":47,"column":6},"end":{"line":52,"column":9}}],"line":31},"6":{"loc":{"start":{"line":33,"column":8},"end":{"line":38,"column":9}},"type":"if","locations":[{"start":{"line":33,"column":8},"end":{"line":38,"column":9}},{"start":{"line":36,"column":15},"end":{"line":38,"column":9}}],"line":33},"7":{"loc":{"start":{"line":41,"column":8},"end":{"line":45,"column":9}},"type":"if","locations":[{"start":{"line":41,"column":8},"end":{"line":45,"column":9}},{"start":{"line":43,"column":15},"end":{"line":45,"column":9}}],"line":41},"8":{"loc":{"start":{"line":48,"column":8},"end":{"line":52,"column":9}},"type":"if","locations":[{"start":{"line":48,"column":8},"end":{"line":52,"column":9}},{"start":{"line":50,"column":15},"end":{"line":52,"column":9}}],"line":48},"9":{"loc":{"start":{"line":48,"column":12},"end":{"line":48,"column":63}},"type":"binary-expr","locations":[{"start":{"line":48,"column":12},"end":{"line":48,"column":33}},{"start":{"line":48,"column":37},"end":{"line":48,"column":63}}],"line":48},"10":{"loc":{"start":{"line":59,"column":4},"end":{"line":74,"column":5}},"type":"switch","locations":[{"start":{"line":60,"column":6},"end":{"line":63,"column":14}},{"start":{"line":64,"column":6},"end":{"line":65,"column":14}},{"start":{"line":66,"column":6},"end":{"line":70,"column":14}},{"start":{"line":71,"column":6},"end":{"line":73,"column":22}}],"line":59}},"s":{"0":13,"1":13,"2":13,"3":13,"4":0,"5":0,"6":0,"7":0,"8":13,"9":0,"10":0,"11":0,"12":0,"13":0,"14":0,"15":0,"16":0,"17":0,"18":0,"19":0,"20":0,"21":0,"22":0,"23":0,"24":0,"25":13,"26":0,"27":0,"28":0,"29":0,"30":0,"31":0,"32":0,"33":0,"34":0,"35":0,"36":0},"f":{"0":13,"1":13,"2":0,"3":0,"4":0},"b":{"0":[1],"1":[1],"2":[4],"3":[13],"4":[0,0],"5":[0,0,0],"6":[0,0],"7":[0,0],"8":[0,0],"9":[0,0],"10":[0,0,0,0]},"_coverageSchema":"1a1c01bbd47fc00a2c39e90264f33305004495a9","hash":"817f28f264053f9045715344f41b3da2bf3b40d1"}
,"C:\\Users\\Leonardo\\cs321-team-3\\demo\\src\\tile.js": {"path":"C:\\Users\\Leonardo\\cs321-team-3\\demo\\src\\tile.js","statementMap":{"0":{"start":{"line":2,"column":2},"end":{"line":2,"column":19}},"1":{"start":{"line":3,"column":2},"end":{"line":3,"column":18}},"2":{"start":{"line":4,"column":2},"end":{"line":4,"column":18}},"3":{"start":{"line":5,"column":2},"end":{"line":5,"column":17}},"4":{"start":{"line":7,"column":2},"end":{"line":12,"column":4}},"5":{"start":{"line":8,"column":4},"end":{"line":8,"column":24}},"6":{"start":{"line":9,"column":4},"end":{"line":9,"column":20}},"7":{"start":{"line":10,"column":4},"end":{"line":10,"column":20}},"8":{"start":{"line":11,"column":4},"end":{"line":11,"column":25}},"9":{"start":{"line":14,"column":2},"end":{"line":19,"column":4}},"10":{"start":{"line":15,"column":4},"end":{"line":15,"column":21}},"11":{"start":{"line":16,"column":4},"end":{"line":16,"column":20}},"12":{"start":{"line":17,"column":4},"end":{"line":17,"column":20}},"13":{"start":{"line":18,"column":4},"end":{"line":18,"column":19}},"14":{"start":{"line":21,"column":2},"end":{"line":25,"column":4}},"15":{"start":{"line":22,"column":4},"end":{"line":24,"column":5}},"16":{"start":{"line":23,"column":6},"end":{"line":23,"column":19}}},"fnMap":{"0":{"name":"Tile","decl":{"start":{"line":1,"column":16},"end":{"line":1,"column":20}},"loc":{"start":{"line":1,"column":58},"end":{"line":26,"column":1}},"line":1},"1":{"name":"(anonymous_1)","decl":{"start":{"line":7,"column":15},"end":{"line":7,"column":16}},"loc":{"start":{"line":7,"column":27},"end":{"line":12,"column":3}},"line":7},"2":{"name":"(anonymous_2)","decl":{"start":{"line":14,"column":16},"end":{"line":14,"column":17}},"loc":{"start":{"line":14,"column":38},"end":{"line":19,"column":3}},"line":14},"3":{"name":"(anonymous_3)","decl":{"start":{"line":21,"column":15},"end":{"line":21,"column":16}},"loc":{"start":{"line":21,"column":27},"end":{"line":25,"column":3}},"line":21}},"branchMap":{"0":{"loc":{"start":{"line":1,"column":21},"end":{"line":1,"column":29}},"type":"default-arg","locations":[{"start":{"line":1,"column":25},"end":{"line":1,"column":29}}],"line":1},"1":{"loc":{"start":{"line":1,"column":31},"end":{"line":1,"column":36}},"type":"default-arg","locations":[{"start":{"line":1,"column":35},"end":{"line":1,"column":36}}],"line":1},"2":{"loc":{"start":{"line":1,"column":38},"end":{"line":1,"column":43}},"type":"default-arg","locations":[{"start":{"line":1,"column":42},"end":{"line":1,"column":43}}],"line":1},"3":{"loc":{"start":{"line":1,"column":45},"end":{"line":1,"column":56}},"type":"default-arg","locations":[{"start":{"line":1,"column":49},"end":{"line":1,"column":56}}],"line":1},"4":{"loc":{"start":{"line":22,"column":4},"end":{"line":24,"column":5}},"type":"if","locations":[{"start":{"line":22,"column":4},"end":{"line":24,"column":5}},{"start":{},"end":{}}],"line":22}},"s":{"0":57,"1":57,"2":57,"3":57,"4":57,"5":2,"6":2,"7":2,"8":2,"9":57,"10":1,"11":1,"12":1,"13":1,"14":57,"15":2,"16":1},"f":{"0":57,"1":2,"2":1,"3":2},"b":{"0":[27],"1":[27],"2":[27],"3":[27],"4":[1,1]},"_coverageSchema":"1a1c01bbd47fc00a2c39e90264f33305004495a9","hash":"e7528635bb67ebc056e9e489637559bcf02fd5ae"}
,"C:\\Users\\Leonardo\\cs321-team-3\\demo\\src\\assets\\abilities\\ability_buffneighbors.png": {"path":"C:\\Users\\Leonardo\\cs321-team-3\\demo\\src\\assets\\abilities\\ability_buffneighbors.png","statementMap":{"0":{"start":{"line":1,"column":0},"end":{"line":1,"column":19}}},"fnMap":{},"branchMap":{},"s":{"0":1},"f":{},"b":{},"_coverageSchema":"1a1c01bbd47fc00a2c39e90264f33305004495a9","hash":"7afaaf695bedf1263109bce68dc9a18cb319cac2"}
,"C:\\Users\\Leonardo\\cs321-team-3\\demo\\src\\assets\\abilities\\ability_deathtouch.png": {"path":"C:\\Users\\Leonardo\\cs321-team-3\\demo\\src\\assets\\abilities\\ability_deathtouch.png","statementMap":{"0":{"start":{"line":1,"column":0},"end":{"line":1,"column":19}}},"fnMap":{},"branchMap":{},"s":{"0":1},"f":{},"b":{},"_coverageSchema":"1a1c01bbd47fc00a2c39e90264f33305004495a9","hash":"8dd2b86d377d33ed8ef4e93635f915a883129a54"}
,"C:\\Users\\Leonardo\\cs321-team-3\\demo\\src\\assets\\abilities\\ability_debuffenemy.png": {"path":"C:\\Users\\Leonardo\\cs321-team-3\\demo\\src\\assets\\abilities\\ability_debuffenemy.png","statementMap":{"0":{"start":{"line":1,"column":0},"end":{"line":1,"column":19}}},"fnMap":{},"branchMap":{},"s":{"0":1},"f":{},"b":{},"_coverageSchema":"1a1c01bbd47fc00a2c39e90264f33305004495a9","hash":"00ecb90ae3ba69453538e68bd79982e1e9a2d3a1"}
,"C:\\Users\\Leonardo\\cs321-team-3\\demo\\src\\assets\\abilities\\ability_flying.png": {"path":"C:\\Users\\Leonardo\\cs321-team-3\\demo\\src\\assets\\abilities\\ability_flying.png","statementMap":{"0":{"start":{"line":1,"column":0},"end":{"line":1,"column":19}}},"fnMap":{},"branchMap":{},"s":{"0":1},"f":{},"b":{},"_coverageSchema":"1a1c01bbd47fc00a2c39e90264f33305004495a9","hash":"548094dc9ceaaaef4326063d304294a162b20ca3"}
,"C:\\Users\\Leonardo\\cs321-team-3\\demo\\src\\assets\\abilities\\ability_preventattack.png": {"path":"C:\\Users\\Leonardo\\cs321-team-3\\demo\\src\\assets\\abilities\\ability_preventattack.png","statementMap":{"0":{"start":{"line":1,"column":0},"end":{"line":1,"column":19}}},"fnMap":{},"branchMap":{},"s":{"0":1},"f":{},"b":{},"_coverageSchema":"1a1c01bbd47fc00a2c39e90264f33305004495a9","hash":"a58bdc5153e67643d08520419146088ca5de3394"}
,"C:\\Users\\Leonardo\\cs321-team-3\\demo\\src\\assets\\abilities\\ability_reach.png": {"path":"C:\\Users\\Leonardo\\cs321-team-3\\demo\\src\\assets\\abilities\\ability_reach.png","statementMap":{"0":{"start":{"line":1,"column":0},"end":{"line":1,"column":19}}},"fnMap":{},"branchMap":{},"s":{"0":1},"f":{},"b":{},"_coverageSchema":"1a1c01bbd47fc00a2c39e90264f33305004495a9","hash":"0245e786918bab7d3d83fe9626936af0c45b25a3"}
,"C:\\Users\\Leonardo\\cs321-team-3\\demo\\src\\assets\\abilities\\ability_sharp.png": {"path":"C:\\Users\\Leonardo\\cs321-team-3\\demo\\src\\assets\\abilities\\ability_sharp.png","statementMap":{"0":{"start":{"line":1,"column":0},"end":{"line":1,"column":19}}},"fnMap":{},"branchMap":{},"s":{"0":1},"f":{},"b":{},"_coverageSchema":"1a1c01bbd47fc00a2c39e90264f33305004495a9","hash":"886e3b77c70e590d9cf1ecbe07693a5ac37792e9"}
,"C:\\Users\\Leonardo\\cs321-team-3\\demo\\src\\assets\\abilities\\ability_submerge.png": {"path":"C:\\Users\\Leonardo\\cs321-team-3\\demo\\src\\assets\\abilities\\ability_submerge.png","statementMap":{"0":{"start":{"line":1,"column":0},"end":{"line":1,"column":19}}},"fnMap":{},"branchMap":{},"s":{"0":1},"f":{},"b":{},"_coverageSchema":"1a1c01bbd47fc00a2c39e90264f33305004495a9","hash":"de27482e3eadf1ab15ca63c5c225a961ad93e6fc"}
,"C:\\Users\\Leonardo\\cs321-team-3\\demo\\src\\components\\HelloWorld.vue": {"path":"C:\\Users\\Leonardo\\cs321-team-3\\demo\\src\\components\\HelloWorld.vue","statementMap":{"0":{"start":{"line":98,"column":15},"end":{"line":98,"column":null}}},"fnMap":{},"branchMap":{},"s":{"0":1},"f":{},"b":{}}
}
