TN:
SF:src\board.js
FN:8,(anonymous_0)
FN:12,(anonymous_1)
FN:15,(anonymous_2)
FN:91,(anonymous_3)
FNF:4
FNH:1
FNDA:0,(anonymous_0)
FNDA:0,(anonymous_1)
FNDA:0,(anonymous_2)
FNDA:3,(anonymous_3)
DA:4,1
DA:9,0
DA:10,0
DA:13,0
DA:16,0
DA:17,0
DA:18,0
DA:20,0
DA:21,0
DA:23,0
DA:24,0
DA:27,0
DA:29,0
DA:30,0
DA:31,0
DA:32,0
DA:35,0
DA:37,0
DA:38,0
DA:39,0
DA:40,0
DA:44,0
DA:45,0
DA:47,0
DA:48,0
DA:53,0
DA:57,0
DA:58,0
DA:63,0
DA:65,0
DA:66,0
DA:71,0
DA:72,0
DA:77,0
DA:79,0
DA:85,0
DA:86,0
DA:88,0
DA:89,0
DA:92,3
DA:93,3
DA:94,3
DA:95,3
DA:96,3
DA:97,3
DA:98,3
DA:99,3
DA:100,3
DA:101,3
DA:102,3
DA:103,3
DA:104,3
DA:105,3
DA:106,3
DA:107,3
DA:108,3
DA:109,3
DA:110,3
DA:111,3
DA:112,3
DA:113,3
DA:114,3
DA:115,3
DA:116,3
DA:117,3
DA:118,3
DA:119,3
DA:120,3
DA:121,3
DA:122,3
DA:123,3
DA:124,3
DA:125,3
DA:126,3
DA:127,3
DA:128,3
DA:129,3
DA:130,3
DA:131,3
DA:132,3
DA:133,3
DA:134,3
DA:135,3
DA:136,3
DA:137,3
DA:138,3
DA:139,3
DA:140,3
DA:141,3
DA:142,3
DA:143,3
DA:144,3
DA:145,3
DA:146,3
DA:147,3
DA:148,3
DA:149,3
DA:150,3
DA:151,3
DA:152,3
DA:153,3
DA:154,3
DA:155,3
DA:156,3
DA:157,3
DA:158,3
DA:159,3
DA:160,3
DA:161,3
DA:162,3
DA:163,3
LF:111
LH:73
BRDA:21,0,0,0
BRDA:23,1,0,0
BRDA:23,1,1,0
BRDA:27,2,0,0
BRDA:29,3,0,0
BRDA:29,3,1,0
BRDA:31,4,0,0
BRDA:31,4,1,0
BRDA:35,5,0,0
BRDA:37,6,0,0
BRDA:37,6,1,0
BRDA:39,7,0,0
BRDA:39,7,1,0
BRDA:45,8,0,0
BRDA:45,8,1,0
BRDA:45,8,2,0
BRDA:47,9,0,0
BRDA:47,9,1,0
BRDA:57,10,0,0
BRDA:57,10,1,0
BRDA:65,11,0,0
BRDA:65,11,1,0
BRDA:71,12,0,0
BRDA:71,12,1,0
BRDA:71,13,0,0
BRDA:71,13,1,0
BRDA:85,14,0,0
BRDA:85,14,1,0
BRF:28
BRH:0
end_of_record
TN:
SF:src\lane.js
FN:4,(anonymous_0)
FN:7,(anonymous_1)
FN:14,(anonymous_2)
FN:18,(anonymous_3)
FN:28,(anonymous_4)
FN:38,(anonymous_5)
FN:50,(anonymous_6)
FN:79,(anonymous_7)
FNF:8
FNH:2
FNDA:60,(anonymous_0)
FNDA:0,(anonymous_1)
FNDA:12,(anonymous_2)
FNDA:0,(anonymous_3)
FNDA:0,(anonymous_4)
FNDA:0,(anonymous_5)
FNDA:0,(anonymous_6)
FNDA:0,(anonymous_7)
DA:5,60
DA:7,60
DA:8,0
DA:9,0
DA:10,0
DA:11,0
DA:14,60
DA:15,12
DA:18,60
DA:19,0
DA:20,0
DA:21,0
DA:22,0
DA:23,0
DA:28,60
DA:29,0
DA:30,0
DA:31,0
DA:32,0
DA:33,0
DA:38,60
DA:40,0
DA:41,0
DA:42,0
DA:43,0
DA:50,60
DA:51,0
DA:52,0
DA:54,0
DA:55,0
DA:56,0
DA:58,0
DA:60,0
DA:62,0
DA:63,0
DA:65,0
DA:67,0
DA:69,0
DA:70,0
DA:72,0
DA:75,0
DA:76,0
DA:79,60
DA:80,0
DA:82,0
DA:83,0
DA:84,0
DA:86,0
DA:88,0
DA:89,0
DA:90,0
DA:91,0
DA:93,0
DA:94,0
LF:54
LH:9
BRDA:20,0,0,0
BRDA:20,0,1,0
BRDA:21,1,0,0
BRDA:21,1,1,0
BRDA:30,2,0,0
BRDA:30,2,1,0
BRDA:31,3,0,0
BRDA:31,3,1,0
BRDA:40,4,0,0
BRDA:40,4,1,0
BRDA:52,5,0,0
BRDA:52,5,1,0
BRDA:52,5,2,0
BRDA:54,6,0,0
BRDA:54,6,1,0
BRDA:62,7,0,0
BRDA:62,7,1,0
BRDA:69,8,0,0
BRDA:69,8,1,0
BRDA:69,9,0,0
BRDA:69,9,1,0
BRDA:80,10,0,0
BRDA:80,10,1,0
BRDA:80,10,2,0
BRDA:80,10,3,0
BRF:25
BRH:0
end_of_record
TN:
SF:src\tile.js
FN:1,Tile
FN:7,(anonymous_1)
FN:14,(anonymous_2)
FN:21,(anonymous_3)
FNF:4
FNH:2
FNDA:240,Tile
FNDA:0,(anonymous_1)
FNDA:132,(anonymous_2)
FNDA:0,(anonymous_3)
DA:2,240
DA:3,240
DA:4,240
DA:5,240
DA:7,240
DA:8,0
DA:9,0
DA:10,0
DA:11,0
DA:14,240
DA:15,132
DA:16,132
DA:17,132
DA:18,132
DA:21,240
DA:22,0
DA:23,0
LF:17
LH:11
BRDA:22,0,0,0
BRDA:22,0,1,0
BRF:2
BRH:0
end_of_record
TN:
SF:src\assets\abilities\ability_buffneighbors.png
FNF:0
FNH:0
DA:1,1
LF:1
LH:1
BRF:0
BRH:0
end_of_record
TN:
SF:src\assets\abilities\ability_deathtouch.png
FNF:0
FNH:0
DA:1,1
LF:1
LH:1
BRF:0
BRH:0
end_of_record
TN:
SF:src\assets\abilities\ability_debuffenemy.png
FNF:0
FNH:0
DA:1,1
LF:1
LH:1
BRF:0
BRH:0
end_of_record
TN:
SF:src\assets\abilities\ability_flying.png
FNF:0
FNH:0
DA:1,1
LF:1
LH:1
BRF:0
BRH:0
end_of_record
TN:
SF:src\assets\abilities\ability_preventattack.png
FNF:0
FNH:0
DA:1,1
LF:1
LH:1
BRF:0
BRH:0
end_of_record
TN:
SF:src\assets\abilities\ability_reach.png
FNF:0
FNH:0
DA:1,1
LF:1
LH:1
BRF:0
BRH:0
end_of_record
TN:
SF:src\assets\abilities\ability_sharp.png
FNF:0
FNH:0
DA:1,1
LF:1
LH:1
BRF:0
BRH:0
end_of_record
TN:
SF:src\assets\abilities\ability_submerge.png
FNF:0
FNH:0
DA:1,1
LF:1
LH:1
BRF:0
BRH:0
end_of_record
TN:
SF:src\components\HelloWorld.vue
FNF:0
FNH:0
DA:98,1
LF:1
LH:1
BRF:0
BRH:0
end_of_record
