TN:
SF:src\board.js
FN:6,(anonymous_0)
FN:16,(anonymous_1)
FN:20,(anonymous_2)
FN:24,(anonymous_3)
FN:28,(anonymous_4)
FNF:5
FNH:2
FNDA:3,(anonymous_0)
FNDA:3,(anonymous_1)
FNDA:0,(anonymous_2)
FNDA:0,(anonymous_3)
FNDA:0,(anonymous_4)
DA:12,3
DA:13,3
DA:16,3
DA:17,3
DA:20,3
DA:21,0
DA:22,0
DA:25,0
DA:29,0
DA:30,0
DA:31,0
DA:33,0
DA:34,0
DA:36,0
DA:37,0
DA:40,0
DA:42,0
DA:43,0
DA:44,0
DA:45,0
DA:48,0
DA:50,0
DA:51,0
DA:52,0
DA:53,0
DA:57,0
DA:58,0
DA:60,0
DA:61,0
DA:66,0
DA:70,0
DA:71,0
DA:76,0
DA:78,0
DA:79,0
DA:84,0
DA:85,0
DA:90,0
DA:92,0
DA:98,0
DA:99,0
DA:101,0
DA:102,0
LF:43
LH:5
BRDA:7,0,0,0
BRDA:8,1,0,0
BRDA:9,2,0,0
BRDA:10,3,0,0
BRDA:34,4,0,0
BRDA:36,5,0,0
BRDA:36,5,1,0
BRDA:40,6,0,0
BRDA:42,7,0,0
BRDA:42,7,1,0
BRDA:44,8,0,0
BRDA:44,8,1,0
BRDA:48,9,0,0
BRDA:50,10,0,0
BRDA:50,10,1,0
BRDA:52,11,0,0
BRDA:52,11,1,0
BRDA:58,12,0,0
BRDA:58,12,1,0
BRDA:58,12,2,0
BRDA:60,13,0,0
BRDA:60,13,1,0
BRDA:70,14,0,0
BRDA:70,14,1,0
BRDA:78,15,0,0
BRDA:78,15,1,0
BRDA:84,16,0,0
BRDA:84,16,1,0
BRDA:84,17,0,0
BRDA:84,17,1,0
BRDA:98,18,0,0
BRDA:98,18,1,0
BRF:32
BRH:0
end_of_record
TN:
SF:src\lane.js
FN:4,(anonymous_0)
FN:13,(anonymous_1)
FN:17,(anonymous_2)
FN:29,(anonymous_3)
FN:58,(anonymous_4)
FNF:5
FNH:2
FNDA:13,(anonymous_0)
FNDA:13,(anonymous_1)
FNDA:0,(anonymous_2)
FNDA:0,(anonymous_3)
FNDA:0,(anonymous_4)
DA:10,13
DA:13,13
DA:14,13
DA:17,13
DA:19,0
DA:20,0
DA:21,0
DA:22,0
DA:29,13
DA:30,0
DA:31,0
DA:33,0
DA:34,0
DA:35,0
DA:37,0
DA:39,0
DA:41,0
DA:42,0
DA:44,0
DA:46,0
DA:48,0
DA:49,0
DA:51,0
DA:54,0
DA:55,0
DA:58,13
DA:59,0
DA:61,0
DA:62,0
DA:63,0
DA:65,0
DA:67,0
DA:68,0
DA:69,0
DA:70,0
DA:72,0
DA:73,0
LF:37
LH:6
BRDA:5,0,0,1
BRDA:6,1,0,1
BRDA:7,2,0,4
BRDA:8,3,0,13
BRDA:19,4,0,0
BRDA:19,4,1,0
BRDA:31,5,0,0
BRDA:31,5,1,0
BRDA:31,5,2,0
BRDA:33,6,0,0
BRDA:33,6,1,0
BRDA:41,7,0,0
BRDA:41,7,1,0
BRDA:48,8,0,0
BRDA:48,8,1,0
BRDA:48,9,0,0
BRDA:48,9,1,0
BRDA:59,10,0,0
BRDA:59,10,1,0
BRDA:59,10,2,0
BRDA:59,10,3,0
BRF:21
BRH:4
end_of_record
TN:
SF:src\tile.js
FN:1,Tile
FN:7,(anonymous_1)
FN:14,(anonymous_2)
FN:21,(anonymous_3)
FNF:4
FNH:4
FNDA:57,Tile
FNDA:2,(anonymous_1)
FNDA:1,(anonymous_2)
FNDA:2,(anonymous_3)
DA:2,57
DA:3,57
DA:4,57
DA:5,57
DA:7,57
DA:8,2
DA:9,2
DA:10,2
DA:11,2
DA:14,57
DA:15,1
DA:16,1
DA:17,1
DA:18,1
DA:21,57
DA:22,2
DA:23,1
LF:17
LH:17
BRDA:1,0,0,27
BRDA:1,1,0,27
BRDA:1,2,0,27
BRDA:1,3,0,27
BRDA:22,4,0,1
BRDA:22,4,1,1
BRF:6
BRH:6
end_of_record
TN:
SF:src\assets\abilities\ability_buffneighbors.png
FNF:0
FNH:0
DA:1,1
LF:1
LH:1
BRF:0
BRH:0
end_of_record
TN:
SF:src\assets\abilities\ability_deathtouch.png
FNF:0
FNH:0
DA:1,1
LF:1
LH:1
BRF:0
BRH:0
end_of_record
TN:
SF:src\assets\abilities\ability_debuffenemy.png
FNF:0
FNH:0
DA:1,1
LF:1
LH:1
BRF:0
BRH:0
end_of_record
TN:
SF:src\assets\abilities\ability_flying.png
FNF:0
FNH:0
DA:1,1
LF:1
LH:1
BRF:0
BRH:0
end_of_record
TN:
SF:src\assets\abilities\ability_preventattack.png
FNF:0
FNH:0
DA:1,1
LF:1
LH:1
BRF:0
BRH:0
end_of_record
TN:
SF:src\assets\abilities\ability_reach.png
FNF:0
FNH:0
DA:1,1
LF:1
LH:1
BRF:0
BRH:0
end_of_record
TN:
SF:src\assets\abilities\ability_sharp.png
FNF:0
FNH:0
DA:1,1
LF:1
LH:1
BRF:0
BRH:0
end_of_record
TN:
SF:src\assets\abilities\ability_submerge.png
FNF:0
FNH:0
DA:1,1
LF:1
LH:1
BRF:0
BRH:0
end_of_record
TN:
SF:src\components\HelloWorld.vue
FNF:0
FNH:0
DA:98,1
LF:1
LH:1
BRF:0
BRH:0
end_of_record
